-- logger module started --
main debug: VLC media player - 3.0.23 Vetinari
main debug: Copyright © 1996-2025 the VideoLAN team
main debug: revision 3.0.23-2-0-g79128878dd
main debug: configured with /builds/videolan/vlc/extras/package/win32/../../../configure  '--enable-update-check' '--enable-lua' '--enable-faad' '--enable-flac' '--enable-theora' '--enable-avcodec' '--enable-merge-ffmpeg' '--enable-mpc' '--enable-libass' '--enable-schroedinger' '--enable-realrtsp' '--enable-live555' '--enable-shout' '--enable-goom' '--enable-sse' '--enable-mmx' '--enable-libcddb' '--enable-zvbi' '--disable-telx' '--enable-nls' '--host=x86_64-w64-mingw32' '--with-contrib=../contrib/x86_64-w64-mingw32' '--with-breakpad=https://win.crashes.videolan.org' '--enable-qt' '--enable-skins2' '--enable-dvdread' '--enable-caca' 'host_alias=x86_64-w64-mingw32' 'CFLAGS= -D__MSVCRT_VERSION__=0x700 -D_WIN32_WINNT=0x0502 -DWINVER=0x0502 ' 'CPPFLAGS= -D__MSVCRT_VERSION__=0x700 -D_WIN32_WINNT=0x0502 -DWINVER=0x0502' 'CXXFLAGS= -D__MSVCRT_VERSION__=0x700 -D_WIN32_WINNT=0x0502 -DWINVER=0x0502 ' 'PKG_CONFIG=pkg-config' 'PKG_CONFIG_LIBDIR=/usr/x86_64-w64-mingw32/lib/pkgconfig:/usr/lib/x86_64-w64-mingw32/pkgconfig'
main debug: using multimedia timers as clock source
main debug:  min period: 1 ms, max period: 1000000 ms
main debug: searching plug-in modules
main debug: loading plugins cache file D:\Project\SHA256_ONVIF\vlc\plugins\plugins.dat
main warning: cannot read D:\Project\SHA256_ONVIF\vlc\plugins\plugins.dat: No error
main debug: recursively browsing `D:\Project\SHA256_ONVIF\vlc\plugins'
main debug: plug-ins loaded: 497 modules
main debug: opening config file (C:\Users\My0zZ\AppData\Roaming\vlc\vlcrc)
main debug: looking for logger module matching "any": 2 candidates
file debug: opening logfile `vlc_debug.log'
main debug: using logger module "file"
main debug: translation test: code is "C"
main debug: looking for keystore module matching "memory": 3 candidates
main debug: using keystore module "memory"
main debug: CPU has capabilities MMX MMXEXT SSE SSE2 SSE3 SSSE3 SSE4.1 SSE4.2 FPU 
main debug: Creating an input for 'Media Library'
main debug: Input is a meta file: disabling unneeded options
main debug: using timeshift granularity of 50 MiB
main debug: using timeshift path: C:\Users\My0zZ\AppData\Local\Temp
main debug: `file/directory:///C:/Users/My0zZ/AppData/Roaming/vlc/ml.xspf' gives access `file' demux `directory' path `/C:/Users/My0zZ/AppData/Roaming/vlc/ml.xspf'
main debug: creating demux: access='file' demux='directory' location='/C:/Users/My0zZ/AppData/Roaming/vlc/ml.xspf' file='C:\Users\My0zZ\AppData\Roaming\vlc\ml.xspf'
main debug: looking for access_demux module matching "file": 15 candidates
main debug: no access_demux modules matched
main debug: creating access: file:///C:/Users/My0zZ/AppData/Roaming/vlc/ml.xspf
main debug:  (path: C:\Users\My0zZ\AppData\Roaming\vlc\ml.xspf)
main debug: looking for access module matching "file": 27 candidates
main debug: using access module "filesystem"
main debug: looking for stream_filter module matching "prefetch,cache_read": 24 candidates
cache_read debug: Using stream method for AStream*
cache_read debug: starting pre-buffering
cache_read debug: received first data after 0 ms
cache_read debug: pre-buffering done 304 bytes in 0s - 296875 KiB/s
main debug: using stream_filter module "cache_read"
main debug: looking for stream_filter module matching "any": 24 candidates
playlist debug: using XSPF playlist reader
main debug: using stream_filter module "playlist"
main debug: stream filter added to 000002be4dfc3f40
main debug: looking for stream_filter module matching "any": 24 candidates
main debug: no stream_filter modules matched
main debug: looking for stream_directory module matching "any": 1 candidates
main debug: no stream_directory modules matched
main debug: attachment of directory-extractor failed for file:///C:/Users/My0zZ/AppData/Roaming/vlc/ml.xspf
main debug: looking for stream_filter module matching "record": 24 candidates
main debug: using stream_filter module "record"
main debug: creating demux: access='file' demux='directory' location='/C:/Users/My0zZ/AppData/Roaming/vlc/ml.xspf' file='C:\Users\My0zZ\AppData\Roaming\vlc\ml.xspf'
main debug: looking for demux module matching "directory": 56 candidates
main debug: using demux module "directory"
main debug: looking for meta reader module matching "any": 2 candidates
lua debug: Trying Lua scripts in C:\Users\My0zZ\AppData\Roaming\vlc\lua\meta\reader
lua debug: Trying Lua scripts in D:\Project\SHA256_ONVIF\vlc\lua\meta\reader
lua debug: Trying Lua playlist script D:\Project\SHA256_ONVIF\vlc\lua\meta\reader\filename.luac
main debug: no meta reader modules matched
main debug: `file/directory:///C:/Users/My0zZ/AppData/Roaming/vlc/ml.xspf' successfully opened
main debug: looking for xml reader module matching "any": 1 candidates
main debug: using xml reader module "xml"
main debug: EOF reached
main debug: removing module "directory"
main debug: removing module "record"
main debug: removing module "playlist"
main debug: removing module "cache_read"
main debug: removing module "filesystem"
main debug: creating audio output
main debug: looking for audio output module matching "any": 6 candidates
mmdevice debug: using default device
mmdevice debug: display name changed: VLC media player (LibVLC 3.0.23)
mmdevice debug: version 2 session control unavailable
mmdevice debug: volume from -96.000000 dB to +0.000000 dB with 0.125000 dB increments
main debug: using audio output module "mmdevice"
main debug: keeping audio output
main debug: looking for interface module matching "hotkeys,none": 16 candidates
main debug: using interface module "hotkeys"
main debug: looking for interface module matching "globalhotkeys,none": 16 candidates
main debug: using interface module "win32"
main: Running vlc with the default interface. Use 'cvlc' to use vlc without interface.
main debug: looking for interface module matching "any": 16 candidates
main debug: looking for extension module matching "any": 1 candidates
lua debug: Opening Lua Extension module
lua debug: Trying Lua scripts in C:\Users\My0zZ\AppData\Roaming\vlc\lua\extensions
lua debug: Trying Lua scripts in D:\Project\SHA256_ONVIF\vlc\lua\extensions
lua debug: Trying Lua playlist script D:\Project\SHA256_ONVIF\vlc\lua\extensions\VLSub.luac
lua debug: Scanning Lua script D:\Project\SHA256_ONVIF\vlc\lua\extensions\VLSub.luac
lua debug: Script D:\Project\SHA256_ONVIF\vlc\lua\extensions\VLSub.luac has the following capability flags: 0x5
main debug: using extension module "lua"
main debug: using interface module "qt"
main debug: processing request item: null, node: Playlist, skip: 0
main debug: rebuilding array of current - root Playlist
main debug: rebuild done - 1 items, index -1
main debug: starting playback of new item
main debug: resyncing on rtsp://192.168.137.246:554/stream2
main debug: rtsp://192.168.137.246:554/stream2 is at 0
main debug: creating new input thread
main debug: Creating an input for 'rtsp://192.168.137.246:554/stream2'
main debug: requesting art for new input thread
main debug: using timeshift granularity of 50 MiB
main debug: using timeshift path: C:\Users\My0zZ\AppData\Local\Temp
main debug: `rtsp://psitest135:psitest135@192.168.137.246:554/stream2' gives access `rtsp' demux `any' path `psitest135:psitest135@192.168.137.246:554/stream2'
main debug: creating demux: access='rtsp' demux='any' location='psitest135:psitest135@192.168.137.246:554/stream2' file='\\psitest135:psitest135@192.168.137.246:554\stream2'
main debug: looking for access_demux module matching "rtsp": 15 candidates
live555 debug: version 2016.11.28
main debug: looking for meta fetcher module matching "any": 1 candidates
lua debug: Trying Lua scripts in C:\Users\My0zZ\AppData\Roaming\vlc\lua\meta\fetcher
lua debug: Trying Lua scripts in D:\Project\SHA256_ONVIF\vlc\lua\meta\fetcher
main debug: no meta fetcher modules matched
main debug: looking for art finder module matching "any": 2 candidates
lua debug: Trying Lua scripts in C:\Users\My0zZ\AppData\Roaming\vlc\lua\meta\art
lua debug: Trying Lua scripts in D:\Project\SHA256_ONVIF\vlc\lua\meta\art
lua debug: Trying Lua playlist script D:\Project\SHA256_ONVIF\vlc\lua\meta\art\00_musicbrainz.luac
main warning: Password in a URI is DEPRECATED
lua debug: skipping script (unmatched scope) D:\Project\SHA256_ONVIF\vlc\lua\meta\art\00_musicbrainz.luac
lua debug: Trying Lua playlist script D:\Project\SHA256_ONVIF\vlc\lua\meta\art\01_googleimage.luac
lua debug: skipping script (unmatched scope) D:\Project\SHA256_ONVIF\vlc\lua\meta\art\01_googleimage.luac
lua debug: Trying Lua playlist script D:\Project\SHA256_ONVIF\vlc\lua\meta\art\02_frenchtv.luac
lua debug: skipping script (unmatched scope) D:\Project\SHA256_ONVIF\vlc\lua\meta\art\02_frenchtv.luac
lua debug: Trying Lua playlist script D:\Project\SHA256_ONVIF\vlc\lua\meta\art\03_lastfm.luac
lua debug: skipping script (unmatched scope) D:\Project\SHA256_ONVIF\vlc\lua\meta\art\03_lastfm.luac
main debug: no art finder modules matched
qt debug: IM: Setting an input
live555 debug: connection error -10057
live555 error: Failed to connect with rtsp://192.168.137.246:554/stream2
main debug: no access_demux modules matched
main debug: creating access: rtsp://psitest135:psitest135@192.168.137.246:554/stream2
main debug:  (path: \\psitest135:psitest135@192.168.137.246:554\stream2)
main debug: looking for access module matching "rtsp": 27 candidates
satip debug: try to open 'rtsp://psitest135:psitest135@192.168.137.246:554/stream2'
satip debug: connect to host '192.168.137.246'
main debug: net: connecting to 192.168.137.246 port 554
main debug: connection succeeded (socket = 1632)
main debug: net: opening 0.0.0.0 datagram port 9354
main debug: net: opening 0.0.0.0 datagram port 9355
satip error: Failed to setup RTSP session
main debug: net: connecting to 192.168.137.246 port 554
main debug: connection succeeded (socket = 1632)
access_realrtsp warning: Cseq mismatch, got 1, assumed 0
access_realrtsp debug: rtsp connected
access_realrtsp warning: only real/helix rtsp servers supported for now
main debug: no access modules matched
main debug: dead input
main debug: changing item without a request (current 0/1)
main debug: nothing to play
main: end of playlist, exiting
main debug: exiting
main debug: exiting
main debug: no exit handler
main debug: removing all interfaces
main debug: removing module "qt"
main debug: deactivating the playlist
main debug: removing module "mmdevice"
qt debug: requesting exit...
qt debug: waiting for UI thread...
qt debug: IM: Deleting the input
qt debug: video widget is orphaned
main debug: exiting
main debug: no exit handler
qt debug: QApp exec() finished
qt debug: video widget is orphaned
qt debug: Killing extension dialog provider
qt debug: ExtensionsDialogProvider is quitting...
main debug: removing module "lua"
main debug: removing module "win32"
main debug: removing module "hotkeys"
main debug: destroying
main debug: saving media library to file C:\Users\My0zZ\AppData\Roaming\vlc\ml.xspf.tmp6624
main debug: looking for playlist export module matching "export-xspf": 4 candidates
main debug: using playlist export module "export"
main debug: removing module "export"
main debug: deleting item `Media Library'
main debug: deleting item `rtsp://192.168.137.246:554/stream2'
main debug: deleting item `Playlist'
main debug: removing module "memory"
-- logger module stopped --
